[1.197s] DEBUG:colcon:Command line arguments: ['/usr/bin/colcon', 'build']
[1.199s] DEBUG:colcon:Parsed command line arguments: Namespace(allow_overriding=[], ament_cmake_args=None, base_paths=['.'], build_base='build', catkin_cmake_args=None, catkin_skip_building_tests=False, cmake_args=None, cmake_clean_cache=False, cmake_clean_first=False, cmake_force_configure=False, cmake_target=None, cmake_target_skip_unavailable=False, continue_on_error=False, event_handlers=None, executor='parallel', ignore_user_meta=False, install_base='install', log_base=None, log_level=None, main=<bound method BuildVerb.main of <colcon_core.verb.build.BuildVerb object at 0x7ffa2048efa0>>, merge_install=False, metas=['./colcon.meta'], mixin=None, mixin_files=None, mixin_verb=('build',), packages_above=None, packages_above_and_dependencies=None, packages_above_depth=None, packages_end=None, packages_ignore=None, packages_ignore_regex=None, packages_select=None, packages_select_build_failed=False, packages_select_by_dep=None, packages_select_regex=None, packages_select_test_failures=False, packages_skip=None, packages_skip_build_finished=False, packages_skip_by_dep=None, packages_skip_regex=None, packages_skip_test_passed=False, packages_skip_up_to=None, packages_start=None, packages_up_to=None, packages_up_to_regex=None, parallel_workers=4, paths=None, symlink_install=False, test_result_base=None, verb_extension=<colcon_core.verb.build.BuildVerb object at 0x7ffa2048efa0>, verb_name='build', verb_parser=<colcon_mixin.mixin.mixin_argument.MixinArgumentDecorator object at 0x7ffa2049c820>)
[1.986s] Level 1:colcon.colcon_core.package_discovery:discover_packages(colcon_meta) check parameters
[1.987s] Level 1:colcon.colcon_core.package_discovery:discover_packages(recursive) check parameters
[1.988s] Level 1:colcon.colcon_core.package_discovery:discover_packages(ignore) check parameters
[1.988s] Level 1:colcon.colcon_core.package_discovery:discover_packages(path) check parameters
[1.991s] Level 1:colcon.colcon_core.package_discovery:discover_packages(colcon_meta) discover
[1.991s] Level 1:colcon.colcon_core.package_discovery:discover_packages(recursive) discover
[1.992s] INFO:colcon.colcon_core.package_discovery:Crawling recursively for packages in '/home/jj/ros2_ws/src/webots_ros2/webots_ros2_tutorials/config'
[1.992s] Level 1:colcon.colcon_core.package_identification:_identify(.) by extensions ['ignore', 'ignore_ament_install']
[1.994s] Level 1:colcon.colcon_core.package_identification:_identify(.) by extension 'ignore'
[1.994s] Level 1:colcon.colcon_core.package_identification:_identify(.) by extension 'ignore_ament_install'
[1.994s] Level 1:colcon.colcon_core.package_identification:_identify(.) by extensions ['colcon_pkg']
[1.994s] Level 1:colcon.colcon_core.package_identification:_identify(.) by extension 'colcon_pkg'
[1.994s] Level 1:colcon.colcon_core.package_identification:_identify(.) by extensions ['colcon_meta']
[1.994s] Level 1:colcon.colcon_core.package_identification:_identify(.) by extension 'colcon_meta'
[1.996s] Level 1:colcon.colcon_core.package_identification:_identify(.) by extensions ['ros']
[1.996s] Level 1:colcon.colcon_core.package_identification:_identify(.) by extension 'ros'
[2.061s] Level 1:colcon.colcon_core.package_identification:_identify(.) by extensions ['cmake', 'python']
[2.061s] Level 1:colcon.colcon_core.package_identification:_identify(.) by extension 'cmake'
[2.062s] Level 1:colcon.colcon_core.package_identification:_identify(.) by extension 'python'
[2.062s] Level 1:colcon.colcon_core.package_identification:_identify(.) by extensions ['python_setup_py']
[2.062s] Level 1:colcon.colcon_core.package_identification:_identify(.) by extension 'python_setup_py'
[2.065s] Level 1:colcon.colcon_core.package_identification:_identify(build) by extensions ['ignore', 'ignore_ament_install']
[2.065s] Level 1:colcon.colcon_core.package_identification:_identify(build) by extension 'ignore'
[2.065s] Level 1:colcon.colcon_core.package_identification:_identify(build) ignored
[2.066s] Level 1:colcon.colcon_core.package_identification:_identify(install) by extensions ['ignore', 'ignore_ament_install']
[2.068s] Level 1:colcon.colcon_core.package_identification:_identify(install) by extension 'ignore'
[2.068s] Level 1:colcon.colcon_core.package_identification:_identify(install) ignored
[2.069s] Level 1:colcon.colcon_core.package_identification:_identify(log) by extensions ['ignore', 'ignore_ament_install']
[2.069s] Level 1:colcon.colcon_core.package_identification:_identify(log) by extension 'ignore'
[2.069s] Level 1:colcon.colcon_core.package_identification:_identify(log) ignored
[2.069s] Level 1:colcon.colcon_core.package_discovery:discover_packages(recursive) using defaults
[2.069s] Level 1:colcon.colcon_core.package_discovery:discover_packages(ignore) discover
[2.069s] Level 1:colcon.colcon_core.package_discovery:discover_packages(ignore) using defaults
[2.069s] Level 1:colcon.colcon_core.package_discovery:discover_packages(path) discover
[2.069s] Level 1:colcon.colcon_core.package_discovery:discover_packages(path) using defaults
[2.134s] Level 1:colcon.colcon_core.package_discovery:discover_packages(prefix_path) check parameters
[2.134s] Level 1:colcon.colcon_core.package_discovery:discover_packages(prefix_path) discover
[2.144s] DEBUG:colcon.colcon_installed_package_information.package_discovery:Found 287 installed packages in /opt/ros/foxy
[2.151s] Level 1:colcon.colcon_core.package_discovery:discover_packages(prefix_path) using defaults
[2.447s] INFO:colcon.colcon_core.executor:Executing jobs using 'parallel' executor
[2.452s] DEBUG:colcon.colcon_parallel_executor.executor.parallel:run_until_complete
[2.453s] DEBUG:colcon.colcon_parallel_executor.executor.parallel:closing loop
[2.453s] DEBUG:colcon.colcon_parallel_executor.executor.parallel:loop closed
[2.453s] DEBUG:colcon.colcon_parallel_executor.executor.parallel:run_until_complete finished with '0'
[2.454s] DEBUG:colcon.colcon_core.event_reactor:joining thread
[2.471s] INFO:colcon.colcon_core.plugin_system:Skipping extension 'colcon_notification.desktop_notification.terminal_notifier': Not used on non-Darwin systems
[2.471s] INFO:colcon.colcon_core.plugin_system:Skipping extension 'colcon_notification.desktop_notification.win32': Not used on non-Windows systems
[2.471s] INFO:colcon.colcon_notification.desktop_notification:Sending desktop notification using 'notify2'
[2.557s] DEBUG:colcon.colcon_core.event_reactor:joined thread
[2.563s] INFO:colcon.colcon_core.plugin_system:Skipping extension 'colcon_core.shell.bat': Not used on non-Windows systems
[2.564s] INFO:colcon.colcon_core.shell:Creating prefix script '/home/jj/ros2_ws/src/webots_ros2/webots_ros2_tutorials/config/install/local_setup.ps1'
[2.567s] INFO:colcon.colcon_core.shell:Creating prefix util module '/home/jj/ros2_ws/src/webots_ros2/webots_ros2_tutorials/config/install/_local_setup_util_ps1.py'
[2.575s] INFO:colcon.colcon_core.shell:Creating prefix chain script '/home/jj/ros2_ws/src/webots_ros2/webots_ros2_tutorials/config/install/setup.ps1'
[2.580s] INFO:colcon.colcon_core.shell:Creating prefix script '/home/jj/ros2_ws/src/webots_ros2/webots_ros2_tutorials/config/install/local_setup.sh'
[2.581s] INFO:colcon.colcon_core.shell:Creating prefix util module '/home/jj/ros2_ws/src/webots_ros2/webots_ros2_tutorials/config/install/_local_setup_util_sh.py'
[2.583s] INFO:colcon.colcon_core.shell:Creating prefix chain script '/home/jj/ros2_ws/src/webots_ros2/webots_ros2_tutorials/config/install/setup.sh'
[2.590s] INFO:colcon.colcon_core.shell:Creating prefix script '/home/jj/ros2_ws/src/webots_ros2/webots_ros2_tutorials/config/install/local_setup.bash'
[2.593s] INFO:colcon.colcon_core.shell:Creating prefix chain script '/home/jj/ros2_ws/src/webots_ros2/webots_ros2_tutorials/config/install/setup.bash'
[2.597s] INFO:colcon.colcon_core.shell:Creating prefix script '/home/jj/ros2_ws/src/webots_ros2/webots_ros2_tutorials/config/install/local_setup.zsh'
[2.601s] INFO:colcon.colcon_core.shell:Creating prefix chain script '/home/jj/ros2_ws/src/webots_ros2/webots_ros2_tutorials/config/install/setup.zsh'
